<?xml version="1.0" encoding="UTF-8"?>
<!-- Generated by org.testng.reporters.JUnitReportReporter -->
<testsuite hostname="DESKTOP-5MGC367" failures="0" tests="1" name="cucumberOptions.TestNGTestRunner" time="21.283" errors="0" timestamp="2022-07-22T16:56:50 IST" skipped="0">
  <testcase classname="cucumberOptions.TestNGTestRunner" name="runScenario" time="21.283"/>
  <system-out/>
</testsuite> <!-- cucumberOptions.TestNGTestRunner -->
