<?xml version="1.0" encoding="UTF-8"?>
<!-- Generated by org.testng.reporters.JUnitReportReporter -->
<testsuite hostname="DESKTOP-5MGC367" failures="0" tests="1" name="cucumberOptions.TestNGTestRunner" time="14.728" errors="0" timestamp="2022-06-09T07:59:59 IST" skipped="0">
  <testcase classname="cucumberOptions.TestNGTestRunner" name="runScenario" time="14.728"/>
  <system-out/>
</testsuite> <!-- cucumberOptions.TestNGTestRunner -->
